23:45:39 **** Build of configuration Debug for project master ****
make all 
Building file: ../main.c
Invoking: AVR Compiler
avr-gcc -Wall -g2 -gstabs -O0 -fpack-struct -fshort-enums -ffunction-sections -fdata-sections -std=gnu99 -funsigned-char -funsigned-bitfields -mmcu=atmega16 -DF_CPU=1000000UL -MMD -MP -MF"main.d" -MT"main.o" -c -o "main.o" "../main.c"
../main.c: In function 'main':
../main.c:4: warning: unused variable 'x'
Finished building: ../main.c
 
Building target: master.elf
Invoking: AVR C Linker
avr-gcc -Wl,-Map,master.map -mmcu=atmega16 -o "master.elf"  ./main.o   
Finished building target: master.elf
 
Invoking: AVR Create Extended Listing
avr-objdump -h -S master.elf  >"master.lss"
Finished building: master.lss
 
Invoking: Print Size
avr-size --format=avr --mcu=atmega16 master.elf
AVR Memory Usage
----------------
Device: atmega16

Program:     136 bytes (0.8% Full)
(.text + .data + .bootloader)

Data:          0 bytes (0.0% Full)
(.data + .bss + .noinit)


Finished building: sizedummy
 
23:45:55 **** Incremental Build of configuration Debug for project master ****
make all 
Invoking: Print Size
avr-size --format=avr --mcu=atmega16 master.elf
AVR Memory Usage
----------------
Device: atmega16

Program:     136 bytes (0.8% Full)
(.text + .data + .bootloader)

Data:          0 bytes (0.0% Full)
(.data + .bss + .noinit)


Finished building: sizedummy
 
23:47:04 **** Incremental Build of configuration Debug for project master ****
make all 
Building target: master.elf
Invoking: AVR C Linker
avr-gcc -Wl,-Map,master.map -mmcu=atmega16 -o "master.elf"  ./main.o   
Finished building target: master.elf
 
Invoking: AVR Create Extended Listing
avr-objdump -h -S master.elf  >"master.lss"
Finished building: master.lss
 
Create Flash image (ihex format)
avr-objcopy -R .eeprom -R .fuse -R .lock -R .signature -O ihex master.elf  "master.hex"
Finished building: master.hex
 
Invoking: Print Size
avr-size --format=avr --mcu=atmega16 master.elf
AVR Memory Usage
----------------
Device: atmega16

Program:     136 bytes (0.8% Full)
(.text + .data + .bootloader)

Data:          0 bytes (0.0% Full)
(.data + .bss + .noinit)


Finished building: sizedummy
 
23:56:08 **** Incremental Build of configuration Debug for project master ****
make all 
Building file: ../main.c
Invoking: AVR Compiler
avr-gcc -Wall -g2 -gstabs -O0 -fpack-struct -fshort-enums -ffunction-sections -fdata-sections -std=gnu99 -funsigned-char -funsigned-bitfields -mmcu=atmega16 -DF_CPU=1000000UL -MMD -MP -MF"main.d" -MT"main.o" -c -o "main.o" "../main.c"
In file included from ../main.c:3:
c:/winavr-20100110/lib/gcc/../../avr/include/util/delay.h:90:3: warning: #warning "Compiler optimizations disabled; functions from <util/delay.h> won't work as designed"
../main.c: In function 'main':
../main.c:5: warning: implicit declaration of function 'setPortDir'
../main.c:7: warning: implicit declaration of function 'setPinVal'
Finished building: ../main.c
 
Building target: master.elf
Invoking: AVR C Linker
avr-gcc -Wl,-Map,master.map -mmcu=atmega16 -o "master.elf"  ./main.o   
./main.o: In function `main':
../main.c:5: undefined reference to `setPortDir'
../main.c:7: undefined reference to `setPinVal'
../main.c:9: undefined reference to `setPinVal'
make: *** [master.elf] Error 1
23:56:43 **** Incremental Build of configuration Debug for project master ****
make all 
Building file: ../main.c
Invoking: AVR Compiler
avr-gcc -Wall -g2 -gstabs -O0 -fpack-struct -fshort-enums -ffunction-sections -fdata-sections -std=gnu99 -funsigned-char -funsigned-bitfields -mmcu=atmega16 -DF_CPU=1000000UL -MMD -MP -MF"main.d" -MT"main.o" -c -o "main.o" "../main.c"
In file included from ../main.c:3:
c:/winavr-20100110/lib/gcc/../../avr/include/util/delay.h:90:3: warning: #warning "Compiler optimizations disabled; functions from <util/delay.h> won't work as designed"
Finished building: ../main.c
 
Building target: master.elf
Invoking: AVR C Linker
avr-gcc -Wl,-Map,master.map -mmcu=atmega16 -o "master.elf"  ./main.o   
./main.o: In function `main':
../main.c:5: undefined reference to `SetPortDir'
../main.c:7: undefined reference to `SetPinVal'
../main.c:9: undefined reference to `SetPinVal'
make: *** [master.elf] Error 1
23:57:15 **** Incremental Build of configuration Debug for project master ****
make all 
Building target: master.elf
Invoking: AVR C Linker
avr-gcc -Wl,-Map,master.map -mmcu=atmega16 -o "master.elf"  ./main.o   
./main.o: In function `main':
../main.c:5: undefined reference to `SetPortDir'
../main.c:7: undefined reference to `SetPinVal'
../main.c:9: undefined reference to `SetPinVal'
make: *** [master.elf] Error 1
23:57:20 **** Incremental Build of configuration Debug for project master ****
make all 
Building target: master.elf
Invoking: AVR C Linker
avr-gcc -Wl,-Map,master.map -mmcu=atmega16 -o "master.elf"  ./main.o   
./main.o: In function `main':
../main.c:5: undefined reference to `SetPortDir'
../main.c:7: undefined reference to `SetPinVal'
../main.c:9: undefined reference to `SetPinVal'
make: *** [master.elf] Error 1
23:57:58 **** Incremental Build of configuration Debug for project master ****
make all 
Building file: ../main.c
Invoking: AVR Compiler
avr-gcc -Wall -g2 -gstabs -O0 -fpack-struct -fshort-enums -ffunction-sections -fdata-sections -std=gnu99 -funsigned-char -funsigned-bitfields -mmcu=atmega16 -DF_CPU=1000000UL -MMD -MP -MF"main.d" -MT"main.o" -c -o "main.o" "../main.c"
In file included from ../main.c:3:
c:/winavr-20100110/lib/gcc/../../avr/include/util/delay.h:90:3: warning: #warning "Compiler optimizations disabled; functions from <util/delay.h> won't work as designed"
Finished building: ../main.c
 
Building target: master.elf
Invoking: AVR C Linker
avr-gcc -Wl,-Map,master.map -mmcu=atmega16 -o "master.elf"  ./main.o   
./main.o: In function `main':
../main.c:5: undefined reference to `SetPortDir'
../main.c:7: undefined reference to `SetPinVal'
../main.c:9: undefined reference to `SetPinVal'
make: *** [master.elf] Error 1
23:59:33 **** Incremental Build of configuration Debug for project master ****
make all 
Building file: ../main.c
Invoking: AVR Compiler
avr-gcc -Wall -g2 -gstabs -O0 -fpack-struct -fshort-enums -ffunction-sections -fdata-sections -std=gnu99 -funsigned-char -funsigned-bitfields -mmcu=atmega16 -DF_CPU=1000000UL -MMD -MP -MF"main.d" -MT"main.o" -c -o "main.o" "../main.c"
In file included from ../main.c:2:
../MCAL/DIO/int.h:27:33: error: ../../LIB/Def_Types.h: No such file or directory
In file included from ../main.c:2:
../MCAL/DIO/int.h:29: error: expected ')' before 'port'
../MCAL/DIO/int.h:30: error: expected ')' before 'port'
../MCAL/DIO/int.h:31: error: expected ')' before 'port'
../MCAL/DIO/int.h:32: error: expected ')' before 'port'
../MCAL/DIO/int.h:33: error: expected ')' before 'port'
../MCAL/DIO/int.h:34: error: expected '=', ',', ';', 'asm' or '__attribute__' before 'DIO_GetPinVal'
../MCAL/DIO/int.h:35: error: expected '=', ',', ';', 'asm' or '__attribute__' before 'DIO_GetPortVal'
../MCAL/DIO/int.h:36: error: expected ')' before 'port'
In file included from ../main.c:3:
c:/winavr-20100110/lib/gcc/../../avr/include/util/delay.h:90:3: warning: #warning "Compiler optimizations disabled; functions from <util/delay.h> won't work as designed"
../main.c: In function 'main':
../main.c:5: warning: implicit declaration of function 'SetPortDir'
../main.c:7: warning: implicit declaration of function 'SetPinVal'
make: *** [main.o] Error 1
00:00:15 **** Incremental Build of configuration Debug for project master ****
make all 
Building file: ../MCAL/Timer/prg.c
Invoking: AVR Compiler
avr-gcc -Wall -g2 -gstabs -O0 -fpack-struct -fshort-enums -ffunction-sections -fdata-sections -std=gnu99 -funsigned-char -funsigned-bitfields -mmcu=atmega16 -DF_CPU=1000000UL -MMD -MP -MF"MCAL/Timer/prg.d" -MT"MCAL/Timer/prg.o" -c -o "MCAL/Timer/prg.o" "../MCAL/Timer/prg.c"
Finished building: ../MCAL/Timer/prg.c
 
Building file: ../MCAL/Interrupt/prg.c
Invoking: AVR Compiler
avr-gcc -Wall -g2 -gstabs -O0 -fpack-struct -fshort-enums -ffunction-sections -fdata-sections -std=gnu99 -funsigned-char -funsigned-bitfields -mmcu=atmega16 -DF_CPU=1000000UL -MMD -MP -MF"MCAL/Interrupt/prg.d" -MT"MCAL/Interrupt/prg.o" -c -o "MCAL/Interrupt/prg.o" "../MCAL/Interrupt/prg.c"
Finished building: ../MCAL/Interrupt/prg.c
 
Building file: ../MCAL/DIO/prg.c
Invoking: AVR Compiler
avr-gcc -Wall -g2 -gstabs -O0 -fpack-struct -fshort-enums -ffunction-sections -fdata-sections -std=gnu99 -funsigned-char -funsigned-bitfields -mmcu=atmega16 -DF_CPU=1000000UL -MMD -MP -MF"MCAL/DIO/prg.d" -MT"MCAL/DIO/prg.o" -c -o "MCAL/DIO/prg.o" "../MCAL/DIO/prg.c"
../MCAL/DIO/prg.c: In function 'DIO_GetPinVal':
../MCAL/DIO/prg.c:153: warning: control reaches end of non-void function
../MCAL/DIO/prg.c: In function 'DIO_GetPortVal':
../MCAL/DIO/prg.c:171: warning: control reaches end of non-void function
Finished building: ../MCAL/DIO/prg.c
 
Building file: ../MCAL/ADC/prg.c
Invoking: AVR Compiler
avr-gcc -Wall -g2 -gstabs -O0 -fpack-struct -fshort-enums -ffunction-sections -fdata-sections -std=gnu99 -funsigned-char -funsigned-bitfields -mmcu=atmega16 -DF_CPU=1000000UL -MMD -MP -MF"MCAL/ADC/prg.d" -MT"MCAL/ADC/prg.o" -c -o "MCAL/ADC/prg.o" "../MCAL/ADC/prg.c"
Finished building: ../MCAL/ADC/prg.c
 
Building file: ../main.c
Invoking: AVR Compiler
avr-gcc -Wall -g2 -gstabs -O0 -fpack-struct -fshort-enums -ffunction-sections -fdata-sections -std=gnu99 -funsigned-char -funsigned-bitfields -mmcu=atmega16 -DF_CPU=1000000UL -MMD -MP -MF"main.d" -MT"main.o" -c -o "main.o" "../main.c"
In file included from ../main.c:3:
c:/winavr-20100110/lib/gcc/../../avr/include/util/delay.h:90:3: warning: #warning "Compiler optimizations disabled; functions from <util/delay.h> won't work as designed"
Finished building: ../main.c
 
Building target: master.elf
Invoking: AVR C Linker
avr-gcc -Wl,-Map,master.map -mmcu=atmega16 -o "master.elf"  ./MCAL/Timer/prg.o  ./MCAL/Interrupt/prg.o  ./MCAL/DIO/prg.o  ./MCAL/ADC/prg.o  ./main.o   
Finished building target: master.elf
 
Invoking: AVR Create Extended Listing
avr-objdump -h -S master.elf  >"master.lss"
Finished building: master.lss
 
Create Flash image (ihex format)
avr-objcopy -R .eeprom -R .fuse -R .lock -R .signature -O ihex master.elf  "master.hex"
Finished building: master.hex
 
Invoking: Print Size
avr-size --format=avr --mcu=atmega16 master.elf
AVR Memory Usage
----------------
Device: atmega16

Program:    6862 bytes (41.9% Full)
(.text + .data + .bootloader)

Data:         16 bytes (1.6% Full)
(.data + .bss + .noinit)


Finished building: sizedummy
 
00:03:13 **** Incremental Build of configuration Debug for project master ****
make all 
Building file: ../main.c
Invoking: AVR Compiler
avr-gcc -Wall -g2 -gstabs -O0 -fpack-struct -fshort-enums -ffunction-sections -fdata-sections -std=gnu99 -funsigned-char -funsigned-bitfields -mmcu=atmega16 -DF_CPU=1000000UL -MMD -MP -MF"main.d" -MT"main.o" -c -o "main.o" "../main.c"
In file included from ../main.c:3:
c:/winavr-20100110/lib/gcc/../../avr/include/util/delay.h:90:3: warning: #warning "Compiler optimizations disabled; functions from <util/delay.h> won't work as designed"
Finished building: ../main.c
 
Building target: master.elf
Invoking: AVR C Linker
avr-gcc -Wl,-Map,master.map -mmcu=atmega16 -o "master.elf"  ./MCAL/Timer/prg.o  ./MCAL/Interrupt/prg.o  ./MCAL/DIO/prg.o  ./MCAL/ADC/prg.o  ./main.o   
Finished building target: master.elf
 
Invoking: AVR Create Extended Listing
avr-objdump -h -S master.elf  >"master.lss"
Finished building: master.lss
 
Create Flash image (ihex format)
avr-objcopy -R .eeprom -R .fuse -R .lock -R .signature -O ihex master.elf  "master.hex"
Finished building: master.hex
 
Invoking: Print Size
avr-size --format=avr --mcu=atmega16 master.elf
AVR Memory Usage
----------------
Device: atmega16

Program:    7090 bytes (43.3% Full)
(.text + .data + .bootloader)

Data:         16 bytes (1.6% Full)
(.data + .bss + .noinit)


Finished building: sizedummy
 
00:12:57 **** Incremental Build of configuration Debug for project master ****
make all 
Building file: ../main.c
Invoking: AVR Compiler
avr-gcc -Wall -g2 -gstabs -O0 -fpack-struct -fshort-enums -ffunction-sections -fdata-sections -std=gnu99 -funsigned-char -funsigned-bitfields -mmcu=atmega16 -DF_CPU=1000000UL -MMD -MP -MF"main.d" -MT"main.o" -c -o "main.o" "../main.c"
In file included from ../main.c:5:
c:/winavr-20100110/lib/gcc/../../avr/include/util/delay.h:90:3: warning: #warning "Compiler optimizations disabled; functions from <util/delay.h> won't work as designed"
Finished building: ../main.c
 
Building target: master.elf
Invoking: AVR C Linker
avr-gcc -Wl,-Map,master.map -mmcu=atmega16 -o "master.elf"  ./MCAL/Timer/prg.o  ./MCAL/Interrupt/prg.o  ./MCAL/DIO/prg.o  ./MCAL/ADC/prg.o  ./main.o   
./main.o: In function `main':
../main.c:7: undefined reference to `LCD_Init'
../main.c:8: undefined reference to `KeypadInit'
../main.c:13: undefined reference to `KeypadGetKey'
../main.c:21: undefined reference to `LCD_WriteNum'
make: *** [master.elf] Error 1
00:20:33 **** Incremental Build of configuration Debug for project master ****
make all 
Building file: ../HAL/StepperMotor/prg.c
Invoking: AVR Compiler
avr-gcc -Wall -g2 -gstabs -O0 -fpack-struct -fshort-enums -ffunction-sections -fdata-sections -std=gnu99 -funsigned-char -funsigned-bitfields -mmcu=atmega16 -DF_CPU=1000000UL -MMD -MP -MF"HAL/StepperMotor/prg.d" -MT"HAL/StepperMotor/prg.o" -c -o "HAL/StepperMotor/prg.o" "../HAL/StepperMotor/prg.c"
In file included from ../HAL/StepperMotor/prg.c:11:
c:/winavr-20100110/lib/gcc/../../avr/include/avr/delay.h:36:2: warning: #warning "This file has been moved to <util/delay.h>."
In file included from c:/winavr-20100110/lib/gcc/../../avr/include/avr/delay.h:37,
                 from ../HAL/StepperMotor/prg.c:11:
c:/winavr-20100110/lib/gcc/../../avr/include/util/delay.h:90:3: warning: #warning "Compiler optimizations disabled; functions from <util/delay.h> won't work as designed"
Finished building: ../HAL/StepperMotor/prg.c
 
Building file: ../HAL/Sensor/prg.c
Invoking: AVR Compiler
avr-gcc -Wall -g2 -gstabs -O0 -fpack-struct -fshort-enums -ffunction-sections -fdata-sections -std=gnu99 -funsigned-char -funsigned-bitfields -mmcu=atmega16 -DF_CPU=1000000UL -MMD -MP -MF"HAL/Sensor/prg.d" -MT"HAL/Sensor/prg.o" -c -o "HAL/Sensor/prg.o" "../HAL/Sensor/prg.c"
Finished building: ../HAL/Sensor/prg.c
 
Building file: ../HAL/Motor/prg.c
Invoking: AVR Compiler
avr-gcc -Wall -g2 -gstabs -O0 -fpack-struct -fshort-enums -ffunction-sections -fdata-sections -std=gnu99 -funsigned-char -funsigned-bitfields -mmcu=atmega16 -DF_CPU=1000000UL -MMD -MP -MF"HAL/Motor/prg.d" -MT"HAL/Motor/prg.o" -c -o "HAL/Motor/prg.o" "../HAL/Motor/prg.c"
Finished building: ../HAL/Motor/prg.c
 
Building file: ../HAL/LCD/prg.c
Invoking: AVR Compiler
avr-gcc -Wall -g2 -gstabs -O0 -fpack-struct -fshort-enums -ffunction-sections -fdata-sections -std=gnu99 -funsigned-char -funsigned-bitfields -mmcu=atmega16 -DF_CPU=1000000UL -MMD -MP -MF"HAL/LCD/prg.d" -MT"HAL/LCD/prg.o" -c -o "HAL/LCD/prg.o" "../HAL/LCD/prg.c"
../HAL/LCD/prg.c:7:1: warning: "F_CPU" redefined
<command-line>: warning: this is the location of the previous definition
In file included from ../HAL/LCD/prg.c:12:
c:/winavr-20100110/lib/gcc/../../avr/include/util/delay.h:90:3: warning: #warning "Compiler optimizations disabled; functions from <util/delay.h> won't work as designed"
Finished building: ../HAL/LCD/prg.c
 
Building file: ../HAL/KeyBad/prg.c
Invoking: AVR Compiler
avr-gcc -Wall -g2 -gstabs -O0 -fpack-struct -fshort-enums -ffunction-sections -fdata-sections -std=gnu99 -funsigned-char -funsigned-bitfields -mmcu=atmega16 -DF_CPU=1000000UL -MMD -MP -MF"HAL/KeyBad/prg.d" -MT"HAL/KeyBad/prg.o" -c -o "HAL/KeyBad/prg.o" "../HAL/KeyBad/prg.c"
../HAL/KeyBad/prg.c:7:1: warning: "F_CPU" redefined
<command-line>: warning: this is the location of the previous definition
In file included from ../HAL/KeyBad/prg.c:12:
c:/winavr-20100110/lib/gcc/../../avr/include/util/delay.h:90:3: warning: #warning "Compiler optimizations disabled; functions from <util/delay.h> won't work as designed"
Finished building: ../HAL/KeyBad/prg.c
 
Building target: master.elf
Invoking: AVR C Linker
avr-gcc -Wl,-Map,master.map -mmcu=atmega16 -o "master.elf"  ./MCAL/Timer/prg.o  ./MCAL/Interrupt/prg.o  ./MCAL/DIO/prg.o  ./MCAL/ADC/prg.o  ./HAL/StepperMotor/prg.o  ./HAL/Sensor/prg.o  ./HAL/Motor/prg.o  ./HAL/LCD/prg.o  ./HAL/KeyBad/prg.o  ./main.o   
Finished building target: master.elf
 
Invoking: AVR Create Extended Listing
avr-objdump -h -S master.elf  >"master.lss"
Finished building: master.lss
 
Create Flash image (ihex format)
avr-objcopy -R .eeprom -R .fuse -R .lock -R .signature -O ihex master.elf  "master.hex"
Finished building: master.hex
 
Invoking: Print Size
avr-size --format=avr --mcu=atmega16 master.elf
AVR Memory Usage
----------------
Device: atmega16

Program:   13812 bytes (84.3% Full)
(.text + .data + .bootloader)

Data:        388 bytes (37.9% Full)
(.data + .bss + .noinit)


Finished building: sizedummy
 
